scheduled-run @ 2026-04-10T14:00:02+00:00 | new=28 eligible=7 high=5
digest morning -> skills/market-watch/state/digest/digests/2026-04-10/morning.md
user digest haolun -> skills/market-watch/state/digest/digests/2026-04-10/morning--user--haolun.md
scheduled-run @ 2026-04-10T14:20:02+00:00 | new=12 eligible=5 high=2
no digest emitted
scheduled-run @ 2026-04-10T14:40:04+00:00 | new=9 eligible=5 high=2
no digest emitted
scheduled-run @ 2026-04-10T15:00:05+00:00 | new=9 eligible=5 high=2
no digest emitted
scheduled-run @ 2026-04-10T15:20:04+00:00 | new=6 eligible=1 high=0
no digest emitted
scheduled-run @ 2026-04-10T15:40:05+00:00 | new=10 eligible=5 high=1
no digest emitted
scheduled-run @ 2026-04-10T16:00:04+00:00 | new=5 eligible=3 high=0
no digest emitted
scheduled-run @ 2026-04-10T16:20:04+00:00 | new=7 eligible=3 high=2
digest midday -> skills/market-watch/state/digest/digests/2026-04-10/midday.md
user digest haolun -> skills/market-watch/state/digest/digests/2026-04-10/midday--user--haolun.md
scheduled-run @ 2026-04-10T16:40:04+00:00 | new=5 eligible=3 high=1
no digest emitted
scheduled-run @ 2026-04-10T17:00:03+00:00 | new=1 eligible=0 high=0
no digest emitted
scheduled-run @ 2026-04-10T17:20:03+00:00 | new=2 eligible=1 high=1
no digest emitted
scheduled-run @ 2026-04-10T17:40:04+00:00 | new=2 eligible=2 high=1
no digest emitted
scheduled-run @ 2026-04-10T18:00:04+00:00 | new=2 eligible=0 high=0
no digest emitted
scheduled-run @ 2026-04-10T18:20:03+00:00 | new=10 eligible=2 high=0
no digest emitted
